  Main.cpp
d:\alexi\documents\plantilla-poo\pf poo\vectorrr.h(49): warning C4244: 'inicializando': conversión de 'double' a 'float'; posible pérdida de datos
d:\alexi\documents\plantilla-poo\pf poo\vectorrr.h(55): warning C4244: '=': conversión de 'double' a 'float'; posible pérdida de datos
d:\alexi\documents\plantilla-poo\pf poo\vectorrr.h(57): warning C4244: '=': conversión de 'double' a 'float'; posible pérdida de datos
d:\alexi\documents\plantilla-poo\pf poo\vectorrr.h(58): warning C4244: '=': conversión de 'double' a 'float'; posible pérdida de datos
d:\alexi\documents\plantilla-poo\pf poo\vectorrr.h(63): warning C4244: '=': conversión de 'double' a 'float'; posible pérdida de datos
d:\alexi\documents\plantilla-poo\pf poo\vectorrr.h(65): warning C4244: '=': conversión de 'double' a 'float'; posible pérdida de datos
d:\alexi\documents\plantilla-poo\pf poo\vectorrr.h(66): warning C4244: '=': conversión de 'double' a 'float'; posible pérdida de datos
d:\alexi\documents\plantilla-poo\pf poo\vectorrr.h(71): warning C4244: '=': conversión de 'double' a 'float'; posible pérdida de datos
d:\alexi\documents\plantilla-poo\pf poo\vectorrr.h(73): warning C4244: '=': conversión de 'double' a 'float'; posible pérdida de datos
d:\alexi\documents\plantilla-poo\pf poo\vectorrr.h(74): warning C4244: '=': conversión de 'double' a 'float'; posible pérdida de datos
d:\alexi\documents\plantilla-poo\pf poo\vectorrr.h(170): warning C4244: 'inicializando': conversión de 'double' a 'float'; posible pérdida de datos
d:\alexi\documents\plantilla-poo\pf poo\vectorrr.h(180): warning C4244: 'inicializando': conversión de 'double' a 'float'; posible pérdida de datos
d:\alexi\documents\plantilla-poo\pf poo\geometrias.h(46): warning C4244: '=': conversión de 'double' a 'float'; posible pérdida de datos
d:\alexi\documents\plantilla-poo\pf poo\geometrias.h(48): warning C4244: '=': conversión de 'double' a 'float'; posible pérdida de datos
d:\alexi\documents\plantilla-poo\pf poo\geometrias.h(49): warning C4244: '=': conversión de 'double' a 'float'; posible pérdida de datos
d:\alexi\documents\plantilla-poo\pf poo\geometrias.h(52): warning C4244: '=': conversión de 'double' a 'float'; posible pérdida de datos
d:\alexi\documents\plantilla-poo\pf poo\geometrias.h(54): warning C4244: '=': conversión de 'double' a 'float'; posible pérdida de datos
d:\alexi\documents\plantilla-poo\pf poo\geometrias.h(55): warning C4244: '=': conversión de 'double' a 'float'; posible pérdida de datos
d:\alexi\documents\plantilla-poo\pf poo\geometrias.h(203): warning C4244: '=': conversión de 'double' a 'float'; posible pérdida de datos
d:\alexi\documents\plantilla-poo\pf poo\geometrias.h(204): warning C4244: '=': conversión de 'double' a 'float'; posible pérdida de datos
d:\alexi\documents\plantilla-poo\pf poo\geometrias.h(205): warning C4244: '=': conversión de 'double' a 'float'; posible pérdida de datos
d:\alexi\documents\plantilla-poo\pf poo\imagenes.h(61): warning C4101: 'e': variable local sin referencia
d:\alexi\documents\plantilla-poo\pf poo\imagenes.h(80): warning C4101: 'e': variable local sin referencia
d:\alexi\documents\plantilla-poo\pf poo\skydome.h(47): warning C4101: 'indice': variable local sin referencia
d:\alexi\documents\plantilla-poo\pf poo\terrain.h(73): warning C4101: 'indice': variable local sin referencia
d:\alexi\documents\plantilla-poo\pf poo\water.h(63): warning C4305: '+=': truncamiento de 'double' a 'float'
d:\alexi\documents\plantilla-poo\pf poo\billboard.h(65): warning C4244: 'argumento': conversión de 'GLdouble' a 'float'; posible pérdida de datos
d:\alexi\documents\plantilla-poo\pf poo\billboard.h(68): warning C4244: '*=': conversión de 'double' a 'float'; posible pérdida de datos
d:\alexi\documents\plantilla-poo\pf poo\billboard.h(69): warning C4244: '*=': conversión de 'double' a 'float'; posible pérdida de datos
d:\alexi\documents\plantilla-poo\pf poo\camera.h(26): warning C4244: '=': conversión de 'double' a 'float'; posible pérdida de datos
d:\alexi\documents\plantilla-poo\pf poo\camera.h(34): warning C4244: '=': conversión de 'GLdouble' a 'float'; posible pérdida de datos
d:\alexi\documents\plantilla-poo\pf poo\camera.h(35): warning C4244: '=': conversión de 'GLdouble' a 'float'; posible pérdida de datos
d:\alexi\documents\plantilla-poo\pf poo\camera.h(40): warning C4244: '=': conversión de 'double' a 'float'; posible pérdida de datos
d:\alexi\documents\plantilla-poo\pf poo\camera.h(43): warning C4244: '=': conversión de 'double' a 'float'; posible pérdida de datos
d:\alexi\documents\plantilla-poo\pf poo\camera.h(46): warning C4244: '=': conversión de 'double' a 'float'; posible pérdida de datos
d:\alexi\documents\plantilla-poo\pf poo\camera.h(49): warning C4244: '=': conversión de 'double' a 'float'; posible pérdida de datos
d:\alexi\documents\plantilla-poo\pf poo\camera.h(61): warning C4244: '=': conversión de 'double' a 'float'; posible pérdida de datos
d:\alexi\documents\plantilla-poo\pf poo\camera.h(66): warning C4244: '=': conversión de 'double' a 'float'; posible pérdida de datos
d:\alexi\documents\plantilla-poo\pf poo\scene.h(96): warning C4305: 'inicializando': truncamiento de 'double' a 'GLfloat'
d:\alexi\documents\plantilla-poo\pf poo\scene.h(98): warning C4244: 'argumento': conversión de 'GLdouble' a 'float'; posible pérdida de datos
d:\alexi\documents\plantilla-poo\pf poo\scene.h(104): warning C4244: 'argumento': conversión de 'GLdouble' a 'GLfloat'; posible pérdida de datos
d:\alexi\documents\plantilla-poo\pf poo\scene.h(121): warning C4244: 'argumento': conversión de 'GLdouble' a 'GLfloat'; posible pérdida de datos
d:\alexi\documents\plantilla-poo\pf poo\scene.h(187): warning C4305: 'argumento': truncamiento de 'double' a 'GLfloat'
d:\alexi\documents\plantilla-poo\pf poo\main.cpp(140): warning C4244: 'argumento': conversión de 'time_t' a 'unsigned int'; posible pérdida de datos
  PF POO.vcxproj -> D:\alexi\Documents\Plantilla-POO\Debug\PF POO.exe
